# JRE version: OpenJDK Runtime Environment (17.0.6) (build 17.0.6+0-17.0.6b829.9-10027231)
# Java VM: OpenJDK 64-Bit Server VM (17.0.6+0-17.0.6b829.9-10027231, mixed mode, tiered, compressed oops, compressed class ptrs, g1 gc, linux-amd64)
GC Precious Log:
 CPUs: 4 total, 4 available
 Memory: 7891M
 Large Page Support: Disabled
 NUMA Support: Disabled
 Compressed Oops: Enabled (32-bit)
 Heap Region Size: 1M
 Heap Min Capacity: 8M
 Heap Initial Capacity: 124M
 Heap Max Capacity: 2G
 Pre-touch: Disabled
 Parallel Workers: 4
 Concurrent Workers: 1
 Concurrent Refinement Workers: 4
 Periodic GC: Disabled
Heap:
 garbage-first heap   total 440320K, used 326097K [0x0000000080000000, 0x0000000100000000)
  region size 1024K, 5 young (5120K), 5 survivors (5120K)
 Metaspace       used 112213K, committed 113024K, reserved 1146880K
  class space    used 15358K, committed 15744K, reserved 1048576K
GC Heap History (20 events):
Event: 21.459 GC heap after
{Heap after GC invocations=36 (full 0):
 garbage-first heap   total 156672K, used 87222K [0x0000000080000000, 0x0000000100000000)
  region size 1024K, 6 young (6144K), 6 survivors (6144K)
 Metaspace       used 95971K, committed 96704K, reserved 1138688K
  class space    used 13120K, committed 13504K, reserved 1048576K
}
Event: 22.168 GC heap before
{Heap before GC invocations=37 (full 0):
 garbage-first heap   total 181248K, used 124086K [0x0000000080000000, 0x0000000100000000)
  region size 1024K, 42 young (43008K), 6 survivors (6144K)
 Metaspace       used 98104K, committed 98752K, reserved 1138688K
  class space    used 13322K, committed 13632K, reserved 1048576K
}
Event: 22.184 GC heap after
{Heap after GC invocations=38 (full 0):
 garbage-first heap   total 181248K, used 93594K [0x0000000080000000, 0x0000000100000000)
  region size 1024K, 6 young (6144K), 6 survivors (6144K)
 Metaspace       used 98104K, committed 98752K, reserved 1138688K
  class space    used 13322K, committed 13632K, reserved 1048576K
}
Event: 22.253 GC heap before
{Heap before GC invocations=38 (full 0):
 garbage-first heap   total 181248K, used 95642K [0x0000000080000000, 0x0000000100000000)
  region size 1024K, 8 young (8192K), 6 survivors (6144K)
 Metaspace       used 98398K, committed 99072K, reserved 1138688K
  class space    used 13384K, committed 13696K, reserved 1048576K
}
Event: 22.265 GC heap after
{Heap after GC invocations=39 (full 0):
 garbage-first heap   total 181248K, used 94161K [0x0000000080000000, 0x0000000100000000)
  region size 1024K, 1 young (1024K), 1 survivors (1024K)
 Metaspace       used 98398K, committed 99072K, reserved 1138688K
  class space    used 13384K, committed 13696K, reserved 1048576K
}
Event: 24.727 GC heap before
{Heap before GC invocations=39 (full 0):
 garbage-first heap   total 181248K, used 143313K [0x0000000080000000, 0x0000000100000000)
  region size 1024K, 50 young (51200K), 1 survivors (1024K)
 Metaspace       used 99704K, committed 100416K, reserved 1138688K
  class space    used 13546K, committed 13888K, reserved 1048576K
}
Event: 24.741 GC heap after
{Heap after GC invocations=40 (full 0):
 garbage-first heap   total 425984K, used 100305K [0x0000000080000000, 0x0000000100000000)
  region size 1024K, 7 young (7168K), 7 survivors (7168K)
 Metaspace       used 99704K, committed 100416K, reserved 1138688K
  class space    used 13546K, committed 13888K, reserved 1048576K
}
Event: 30.724 GC heap before
{Heap before GC invocations=41 (full 0):
 garbage-first heap   total 399360K, used 332753K [0x0000000080000000, 0x0000000100000000)
  region size 1024K, 235 young (240640K), 7 survivors (7168K)
 Metaspace       used 104540K, committed 105216K, reserved 1146880K
  class space    used 14126K, committed 14464K, reserved 1048576K
}
Event: 30.841 GC heap after
{Heap after GC invocations=42 (full 0):
 garbage-first heap   total 399360K, used 114924K [0x0000000080000000, 0x0000000100000000)
  region size 1024K, 22 young (22528K), 22 survivors (22528K)
 Metaspace       used 104540K, committed 105216K, reserved 1146880K
  class space    used 14126K, committed 14464K, reserved 1048576K
}
Event: 30.868 GC heap before
{Heap before GC invocations=42 (full 0):
 garbage-first heap   total 399360K, used 114924K [0x0000000080000000, 0x0000000100000000)
  region size 1024K, 23 young (23552K), 22 survivors (22528K)
 Metaspace       used 104540K, committed 105216K, reserved 1146880K
  class space    used 14126K, committed 14464K, reserved 1048576K
}
Event: 30.932 GC heap after
{Heap after GC invocations=43 (full 0):
 garbage-first heap   total 399360K, used 114789K [0x0000000080000000, 0x0000000100000000)
  region size 1024K, 2 young (2048K), 2 survivors (2048K)
 Metaspace       used 104540K, committed 105216K, reserved 1146880K
  class space    used 14126K, committed 14464K, reserved 1048576K
}
Event: 33.920 GC heap before
{Heap before GC invocations=43 (full 0):
 garbage-first heap   total 399360K, used 369765K [0x0000000080000000, 0x0000000100000000)
  region size 1024K, 162 young (165888K), 2 survivors (2048K)
 Metaspace       used 109590K, committed 110400K, reserved 1146880K
  class space    used 14853K, committed 15232K, reserved 1048576K
}
Event: 34.010 GC heap after
{Heap after GC invocations=44 (full 0):
 garbage-first heap   total 413696K, used 206801K [0x0000000080000000, 0x0000000100000000)
  region size 1024K, 23 young (23552K), 23 survivors (23552K)
 Metaspace       used 109590K, committed 110400K, reserved 1146880K
  class space    used 14853K, committed 15232K, reserved 1048576K
}
Event: 35.516 GC heap before
{Heap before GC invocations=44 (full 0):
 garbage-first heap   total 413696K, used 317393K [0x0000000080000000, 0x0000000100000000)
  region size 1024K, 127 young (130048K), 23 survivors (23552K)
 Metaspace       used 112155K, committed 112960K, reserved 1146880K
  class space    used 15358K, committed 15744K, reserved 1048576K
}
Event: 35.687 GC heap after
{Heap after GC invocations=45 (full 0):
 garbage-first heap   total 413696K, used 254929K [0x0000000080000000, 0x0000000100000000)
  region size 1024K, 16 young (16384K), 16 survivors (16384K)
 Metaspace       used 112155K, committed 112960K, reserved 1146880K
  class space    used 15358K, committed 15744K, reserved 1048576K
}
Event: 36.180 GC heap before
{Heap before GC invocations=45 (full 0):
 garbage-first heap   total 413696K, used 319441K [0x0000000080000000, 0x0000000100000000)
  region size 1024K, 80 young (81920K), 16 survivors (16384K)
 Metaspace       used 112203K, committed 113024K, reserved 1146880K
  class space    used 15358K, committed 15744K, reserved 1048576K
}
Event: 36.348 GC heap after
{Heap after GC invocations=46 (full 0):
 garbage-first heap   total 413696K, used 289745K [0x0000000080000000, 0x0000000100000000)
  region size 1024K, 10 young (10240K), 10 survivors (10240K)
 Metaspace       used 112203K, committed 113024K, reserved 1146880K
  class space    used 15358K, committed 15744K, reserved 1048576K
}
Event: 36.540 GC heap before
{Heap before GC invocations=46 (full 0):
 garbage-first heap   total 413696K, used 328657K [0x0000000080000000, 0x0000000100000000)
  region size 1024K, 49 young (50176K), 10 survivors (10240K)
 Metaspace       used 112210K, committed 113024K, reserved 1146880K
  class space    used 15358K, committed 15744K, reserved 1048576K
}
Event: 36.616 GC heap after
{Heap after GC invocations=47 (full 0):
 garbage-first heap   total 413696K, used 310737K [0x0000000080000000, 0x0000000100000000)
  region size 1024K, 7 young (7168K), 7 survivors (7168K)
 Metaspace       used 112210K, committed 113024K, reserved 1146880K
  class space    used 15358K, committed 15744K, reserved 1048576K
}
Event: 36.772 GC heap before
{Heap before GC invocations=47 (full 0):
 garbage-first heap   total 413696K, used 339409K [0x0000000080000000, 0x0000000100000000)
  region size 1024K, 35 young (35840K), 7 survivors (7168K)
 Metaspace       used 112213K, committed 113024K, reserved 1146880K
  class space    used 15358K, committed 15744K, reserved 1048576K
}

