# JRE version: OpenJDK Runtime Environment (17.0.6) (build 17.0.6+0-17.0.6b829.9-10027231)
# Java VM: OpenJDK 64-Bit Server VM (17.0.6+0-17.0.6b829.9-10027231, mixed mode, tiered, compressed oops, compressed class ptrs, g1 gc, linux-amd64)
GC Precious Log:
 CPUs: 4 total, 4 available
 Memory: 7891M
 Large Page Support: Disabled
 NUMA Support: Disabled
 Compressed Oops: Enabled (32-bit)
 Heap Region Size: 1M
 Heap Min Capacity: 8M
 Heap Initial Capacity: 124M
 Heap Max Capacity: 2G
 Pre-touch: Disabled
 Parallel Workers: 4
 Concurrent Workers: 1
 Concurrent Refinement Workers: 4
 Periodic GC: Disabled
Heap:
 garbage-first heap   total 256000K, used 124199K [0x0000000080000000, 0x0000000100000000)
  region size 1024K, 2 young (2048K), 2 survivors (2048K)
 Metaspace       used 112287K, committed 112896K, reserved 1146880K
  class space    used 14902K, committed 15168K, reserved 1048576K
GC Heap History (20 events):
Event: 24.394 GC heap after
{Heap after GC invocations=23 (full 0):
 garbage-first heap   total 211968K, used 56701K [0x0000000080000000, 0x0000000100000000)
  region size 1024K, 1 young (1024K), 1 survivors (1024K)
 Metaspace       used 62495K, committed 62976K, reserved 1105920K
  class space    used 8815K, committed 9024K, reserved 1048576K
}
Event: 27.004 GC heap before
{Heap before GC invocations=23 (full 0):
 garbage-first heap   total 211968K, used 176509K [0x0000000080000000, 0x0000000100000000)
  region size 1024K, 112 young (114688K), 1 survivors (1024K)
 Metaspace       used 76027K, committed 76672K, reserved 1122304K
  class space    used 10574K, committed 10880K, reserved 1048576K
}
Event: 27.023 GC heap after
{Heap after GC invocations=24 (full 0):
 garbage-first heap   total 211968K, used 65394K [0x0000000080000000, 0x0000000100000000)
  region size 1024K, 9 young (9216K), 9 survivors (9216K)
 Metaspace       used 76027K, committed 76672K, reserved 1122304K
  class space    used 10574K, committed 10880K, reserved 1048576K
}
Event: 29.825 GC heap before
{Heap before GC invocations=24 (full 0):
 garbage-first heap   total 211968K, used 157554K [0x0000000080000000, 0x0000000100000000)
  region size 1024K, 99 young (101376K), 9 survivors (9216K)
 Metaspace       used 84667K, committed 85248K, reserved 1130496K
  class space    used 11693K, committed 11968K, reserved 1048576K
}
Event: 29.864 GC heap after
{Heap after GC invocations=25 (full 0):
 garbage-first heap   total 211968K, used 72464K [0x0000000080000000, 0x0000000100000000)
  region size 1024K, 7 young (7168K), 7 survivors (7168K)
 Metaspace       used 84667K, committed 85248K, reserved 1130496K
  class space    used 11693K, committed 11968K, reserved 1048576K
}
Event: 32.621 GC heap before
{Heap before GC invocations=25 (full 0):
 garbage-first heap   total 211968K, used 172816K [0x0000000080000000, 0x0000000100000000)
  region size 1024K, 95 young (97280K), 7 survivors (7168K)
 Metaspace       used 91713K, committed 92352K, reserved 1130496K
  class space    used 12563K, committed 12864K, reserved 1048576K
}
Event: 32.658 GC heap after
{Heap after GC invocations=26 (full 0):
 garbage-first heap   total 211968K, used 91938K [0x0000000080000000, 0x0000000100000000)
  region size 1024K, 12 young (12288K), 12 survivors (12288K)
 Metaspace       used 91713K, committed 92352K, reserved 1130496K
  class space    used 12563K, committed 12864K, reserved 1048576K
}
Event: 33.515 GC heap before
{Heap before GC invocations=26 (full 0):
 garbage-first heap   total 211968K, used 162594K [0x0000000080000000, 0x0000000100000000)
  region size 1024K, 81 young (82944K), 12 survivors (12288K)
 Metaspace       used 95904K, committed 96448K, reserved 1138688K
  class space    used 13053K, committed 13312K, reserved 1048576K
}
Event: 33.553 GC heap after
{Heap after GC invocations=27 (full 0):
 garbage-first heap   total 211968K, used 105306K [0x0000000080000000, 0x0000000100000000)
  region size 1024K, 11 young (11264K), 11 survivors (11264K)
 Metaspace       used 95904K, committed 96448K, reserved 1138688K
  class space    used 13053K, committed 13312K, reserved 1048576K
}
Event: 33.590 GC heap before
{Heap before GC invocations=27 (full 0):
 garbage-first heap   total 211968K, used 106330K [0x0000000080000000, 0x0000000100000000)
  region size 1024K, 13 young (13312K), 11 survivors (11264K)
 Metaspace       used 96025K, committed 96640K, reserved 1138688K
  class space    used 13069K, committed 13376K, reserved 1048576K
}
Event: 33.606 GC heap after
{Heap after GC invocations=28 (full 0):
 garbage-first heap   total 211968K, used 107866K [0x0000000080000000, 0x0000000100000000)
  region size 1024K, 2 young (2048K), 2 survivors (2048K)
 Metaspace       used 96025K, committed 96640K, reserved 1138688K
  class space    used 13069K, committed 13376K, reserved 1048576K
}
Event: 34.660 GC heap before
{Heap before GC invocations=29 (full 0):
 garbage-first heap   total 217088K, used 171354K [0x0000000080000000, 0x0000000100000000)
  region size 1024K, 58 young (59392K), 2 survivors (2048K)
 Metaspace       used 101968K, committed 102656K, reserved 1138688K
  class space    used 13634K, committed 13952K, reserved 1048576K
}
Event: 34.672 GC heap after
{Heap after GC invocations=30 (full 0):
 garbage-first heap   total 217088K, used 119413K [0x0000000080000000, 0x0000000100000000)
  region size 1024K, 8 young (8192K), 8 survivors (8192K)
 Metaspace       used 101968K, committed 102656K, reserved 1138688K
  class space    used 13634K, committed 13952K, reserved 1048576K
}
Event: 34.714 GC heap before
{Heap before GC invocations=30 (full 0):
 garbage-first heap   total 217088K, used 121461K [0x0000000080000000, 0x0000000100000000)
  region size 1024K, 10 young (10240K), 8 survivors (8192K)
 Metaspace       used 102219K, committed 102848K, reserved 1138688K
  class space    used 13659K, committed 13952K, reserved 1048576K
}
Event: 34.722 GC heap after
{Heap after GC invocations=31 (full 0):
 garbage-first heap   total 217088K, used 118312K [0x0000000080000000, 0x0000000100000000)
  region size 1024K, 1 young (1024K), 1 survivors (1024K)
 Metaspace       used 102219K, committed 102848K, reserved 1138688K
  class space    used 13659K, committed 13952K, reserved 1048576K
}
Event: 36.497 GC heap before
{Heap before GC invocations=31 (full 0):
 garbage-first heap   total 217088K, used 172584K [0x0000000080000000, 0x0000000100000000)
  region size 1024K, 54 young (55296K), 1 survivors (1024K)
 Metaspace       used 109855K, committed 110464K, reserved 1146880K
  class space    used 14627K, committed 14912K, reserved 1048576K
}
Event: 36.514 GC heap after
{Heap after GC invocations=32 (full 0):
 garbage-first heap   total 217088K, used 120714K [0x0000000080000000, 0x0000000100000000)
  region size 1024K, 4 young (4096K), 4 survivors (4096K)
 Metaspace       used 109855K, committed 110464K, reserved 1146880K
  class space    used 14627K, committed 14912K, reserved 1048576K
}
Event: 37.292 GC heap before
{Heap before GC invocations=33 (full 0):
 garbage-first heap   total 256000K, used 172938K [0x0000000080000000, 0x0000000100000000)
  region size 1024K, 54 young (55296K), 4 survivors (4096K)
 Metaspace       used 112255K, committed 112896K, reserved 1146880K
  class space    used 14902K, committed 15168K, reserved 1048576K
}
Event: 37.305 GC heap after
{Heap after GC invocations=34 (full 0):
 garbage-first heap   total 256000K, used 123710K [0x0000000080000000, 0x0000000100000000)
  region size 1024K, 7 young (7168K), 7 survivors (7168K)
 Metaspace       used 112255K, committed 112896K, reserved 1146880K
  class space    used 14902K, committed 15168K, reserved 1048576K
}
Event: 37.349 GC heap before
{Heap before GC invocations=34 (full 0):
 garbage-first heap   total 256000K, used 128830K [0x0000000080000000, 0x0000000100000000)
  region size 1024K, 12 young (12288K), 7 survivors (7168K)
 Metaspace       used 112287K, committed 112896K, reserved 1146880K
  class space    used 14902K, committed 15168K, reserved 1048576K
}

