# JRE version: OpenJDK Runtime Environment (17.0.6) (build 17.0.6+0-17.0.6b829.9-10027231)
# Java VM: OpenJDK 64-Bit Server VM (17.0.6+0-17.0.6b829.9-10027231, mixed mode, tiered, compressed oops, compressed class ptrs, g1 gc, linux-amd64)
GC Precious Log:
 CPUs: 4 total, 4 available
 Memory: 7891M
 Large Page Support: Disabled
 NUMA Support: Disabled
 Compressed Oops: Enabled (32-bit)
 Heap Region Size: 1M
 Heap Min Capacity: 8M
 Heap Initial Capacity: 124M
 Heap Max Capacity: 2G
 Pre-touch: Disabled
 Parallel Workers: 4
 Concurrent Workers: 1
 Concurrent Refinement Workers: 4
 Periodic GC: Disabled
Heap:
 garbage-first heap   total 478208K, used 360309K [0x0000000080000000, 0x0000000100000000)
  region size 1024K, 6 young (6144K), 6 survivors (6144K)
 Metaspace       used 131156K, committed 131968K, reserved 1163264K
  class space    used 17572K, committed 17984K, reserved 1048576K
GC Heap History (20 events):
Event: 41.772 GC heap after
{Heap after GC invocations=43 (full 0):
 garbage-first heap   total 304128K, used 149214K [0x0000000080000000, 0x0000000100000000)
  region size 1024K, 9 young (9216K), 9 survivors (9216K)
 Metaspace       used 112507K, committed 113216K, reserved 1146880K
  class space    used 14884K, committed 15232K, reserved 1048576K
}
Event: 43.557 GC heap before
{Heap before GC invocations=44 (full 0):
 garbage-first heap   total 304128K, used 227038K [0x0000000080000000, 0x0000000100000000)
  region size 1024K, 97 young (99328K), 9 survivors (9216K)
 Metaspace       used 123794K, committed 124544K, reserved 1163264K
  class space    used 16526K, committed 16896K, reserved 1048576K
}
Event: 43.578 GC heap after
{Heap after GC invocations=45 (full 0):
 garbage-first heap   total 304128K, used 141579K [0x0000000080000000, 0x0000000100000000)
  region size 1024K, 6 young (6144K), 6 survivors (6144K)
 Metaspace       used 123794K, committed 124544K, reserved 1163264K
  class space    used 16526K, committed 16896K, reserved 1048576K
}
Event: 43.784 GC heap before
{Heap before GC invocations=45 (full 0):
 garbage-first heap   total 304128K, used 149771K [0x0000000080000000, 0x0000000100000000)
  region size 1024K, 14 young (14336K), 6 survivors (6144K)
 Metaspace       used 124599K, committed 125312K, reserved 1163264K
  class space    used 16612K, committed 16960K, reserved 1048576K
}
Event: 43.797 GC heap after
{Heap after GC invocations=46 (full 0):
 garbage-first heap   total 304128K, used 129641K [0x0000000080000000, 0x0000000100000000)
  region size 1024K, 1 young (1024K), 1 survivors (1024K)
 Metaspace       used 124599K, committed 125312K, reserved 1163264K
  class space    used 16612K, committed 16960K, reserved 1048576K
}
Event: 44.475 GC heap before
{Heap before GC invocations=46 (full 0):
 garbage-first heap   total 304128K, used 291433K [0x0000000080000000, 0x0000000100000000)
  region size 1024K, 71 young (72704K), 1 survivors (1024K)
 Metaspace       used 126568K, committed 127296K, reserved 1163264K
  class space    used 16911K, committed 17280K, reserved 1048576K
}
Event: 44.500 GC heap after
{Heap after GC invocations=47 (full 0):
 garbage-first heap   total 316416K, used 202613K [0x0000000080000000, 0x0000000100000000)
  region size 1024K, 14 young (14336K), 14 survivors (14336K)
 Metaspace       used 126568K, committed 127296K, reserved 1163264K
  class space    used 16911K, committed 17280K, reserved 1048576K
}
Event: 44.937 GC heap before
{Heap before GC invocations=47 (full 0):
 garbage-first heap   total 316416K, used 256885K [0x0000000080000000, 0x0000000100000000)
  region size 1024K, 67 young (68608K), 14 survivors (14336K)
 Metaspace       used 127104K, committed 127872K, reserved 1163264K
  class space    used 16981K, committed 17344K, reserved 1048576K
}
Event: 44.976 GC heap after
{Heap after GC invocations=48 (full 0):
 garbage-first heap   total 316416K, used 217821K [0x0000000080000000, 0x0000000100000000)
  region size 1024K, 9 young (9216K), 9 survivors (9216K)
 Metaspace       used 127104K, committed 127872K, reserved 1163264K
  class space    used 16981K, committed 17344K, reserved 1048576K
}
Event: 45.242 GC heap before
{Heap before GC invocations=48 (full 0):
 garbage-first heap   total 316416K, used 259805K [0x0000000080000000, 0x0000000100000000)
  region size 1024K, 50 young (51200K), 9 survivors (9216K)
 Metaspace       used 128028K, committed 128832K, reserved 1163264K
  class space    used 17089K, committed 17472K, reserved 1048576K
}
Event: 45.281 GC heap after
{Heap after GC invocations=49 (full 0):
 garbage-first heap   total 478208K, used 231008K [0x0000000080000000, 0x0000000100000000)
  region size 1024K, 7 young (7168K), 7 survivors (7168K)
 Metaspace       used 128028K, committed 128832K, reserved 1163264K
  class space    used 17089K, committed 17472K, reserved 1048576K
}
Event: 47.717 GC heap before
{Heap before GC invocations=50 (full 0):
 garbage-first heap   total 478208K, used 357984K [0x0000000080000000, 0x0000000100000000)
  region size 1024K, 128 young (131072K), 7 survivors (7168K)
 Metaspace       used 130848K, committed 131648K, reserved 1163264K
  class space    used 17550K, committed 17984K, reserved 1048576K
}
Event: 47.812 GC heap after
{Heap after GC invocations=51 (full 0):
 garbage-first heap   total 478208K, used 286581K [0x0000000080000000, 0x0000000100000000)
  region size 1024K, 16 young (16384K), 16 survivors (16384K)
 Metaspace       used 130848K, committed 131648K, reserved 1163264K
  class space    used 17550K, committed 17984K, reserved 1048576K
}
Event: 47.898 GC heap before
{Heap before GC invocations=51 (full 0):
 garbage-first heap   total 478208K, used 292725K [0x0000000080000000, 0x0000000100000000)
  region size 1024K, 23 young (23552K), 16 survivors (16384K)
 Metaspace       used 130851K, committed 131648K, reserved 1163264K
  class space    used 17550K, committed 17984K, reserved 1048576K
}
Event: 47.996 GC heap after
{Heap after GC invocations=52 (full 0):
 garbage-first heap   total 478208K, used 288117K [0x0000000080000000, 0x0000000100000000)
  region size 1024K, 3 young (3072K), 3 survivors (3072K)
 Metaspace       used 130851K, committed 131648K, reserved 1163264K
  class space    used 17550K, committed 17984K, reserved 1048576K
}
Event: 48.397 GC heap before
{Heap before GC invocations=52 (full 0):
 garbage-first heap   total 478208K, used 362869K [0x0000000080000000, 0x0000000100000000)
  region size 1024K, 77 young (78848K), 3 survivors (3072K)
 Metaspace       used 130884K, committed 131712K, reserved 1163264K
  class space    used 17550K, committed 17984K, reserved 1048576K
}
Event: 48.494 GC heap after
{Heap after GC invocations=53 (full 0):
 garbage-first heap   total 478208K, used 327029K [0x0000000080000000, 0x0000000100000000)
  region size 1024K, 10 young (10240K), 10 survivors (10240K)
 Metaspace       used 130884K, committed 131712K, reserved 1163264K
  class space    used 17550K, committed 17984K, reserved 1048576K
}
Event: 48.765 GC heap before
{Heap before GC invocations=53 (full 0):
 garbage-first heap   total 478208K, used 377205K [0x0000000080000000, 0x0000000100000000)
  region size 1024K, 59 young (60416K), 10 survivors (10240K)
 Metaspace       used 130893K, committed 131712K, reserved 1163264K
  class space    used 17550K, committed 17984K, reserved 1048576K
}
Event: 48.911 GC heap after
{Heap after GC invocations=54 (full 0):
 garbage-first heap   total 478208K, used 352629K [0x0000000080000000, 0x0000000100000000)
  region size 1024K, 8 young (8192K), 8 survivors (8192K)
 Metaspace       used 130893K, committed 131712K, reserved 1163264K
  class space    used 17550K, committed 17984K, reserved 1048576K
}
Event: 49.354 GC heap before
{Heap before GC invocations=54 (full 0):
 garbage-first heap   total 478208K, used 387445K [0x0000000080000000, 0x0000000100000000)
  region size 1024K, 43 young (44032K), 8 survivors (8192K)
 Metaspace       used 131156K, committed 131968K, reserved 1163264K
  class space    used 17572K, committed 17984K, reserved 1048576K
}

